<?xml version="1.0" encoding="UTF-8"?>
<testng-results ignored="1" total="13" passed="10" failed="2" skipped="0">
  <reporter-output>
    <line>
      <![CDATA[m1 method call]]>
    </line>
    <line>
      <![CDATA[m3 method call]]>
    </line>
    <line>
      <![CDATA[m2 method call]]>
    </line>
    <line>
      <![CDATA[tc2 is running]]>
    </line>
    <line>
      <![CDATA[tc1 is running]]>
    </line>
    <line>
      <![CDATA[tc1 is running]]>
    </line>
    <line>
      <![CDATA[tc1 is running]]>
    </line>
    <line>
      <![CDATA[tc1 is running]]>
    </line>
    <line>
      <![CDATA[tc1 is running]]>
    </line>
    <line>
      <![CDATA[tc5 is running]]>
    </line>
  </reporter-output>
  <suite started-at="2022-06-02T14:43:20 IST" name="Suite" finished-at="2022-06-02T14:43:22 IST" duration-ms="2129">
    <groups>
    </groups>
    <test started-at="2022-06-02T14:43:20 IST" name="Test" finished-at="2022-06-02T14:43:22 IST" duration-ms="2129">
      <class name="testngstudy.testngkeyword">
        <test-method signature="tc3()[pri:-5, instance:testngstudy.testngkeyword@6e0dec4a]" started-at="2022-06-02T14:43:20 IST" name="tc3" finished-at="2022-06-02T14:43:21 IST" duration-ms="1005" status="FAIL">
          <exception class="org.testng.internal.thread.ThreadTimeoutException">
            <message>
              <![CDATA[Method testngstudy.testngkeyword.tc3() didn't finish within the time-out 1000]]>
            </message>
            <full-stacktrace>
              <![CDATA[org.testng.internal.thread.ThreadTimeoutException: Method testngstudy.testngkeyword.tc3() didn't finish within the time-out 1000
at org.testng.internal.MethodInvocationHelper.invokeWithTimeoutWithNewExecutor(MethodInvocationHelper.java:384)
at org.testng.internal.MethodInvocationHelper.invokeWithTimeout(MethodInvocationHelper.java:283)
at org.testng.internal.TestInvoker.invokeMethod(TestInvoker.java:604)
at org.testng.internal.TestInvoker.invokeTestMethod(TestInvoker.java:173)
at org.testng.internal.MethodRunner.runInSequence(MethodRunner.java:46)
at org.testng.internal.TestInvoker$MethodInvocationAgent.invoke(TestInvoker.java:824)
at org.testng.internal.TestInvoker.invokeTestMethods(TestInvoker.java:146)
at org.testng.internal.TestMethodWorker.invokeTestMethods(TestMethodWorker.java:146)
at org.testng.internal.TestMethodWorker.run(TestMethodWorker.java:128)
at java.base/java.util.ArrayList.forEach(ArrayList.java:1511)
at org.testng.TestRunner.privateRun(TestRunner.java:794)
at org.testng.TestRunner.run(TestRunner.java:596)
at org.testng.SuiteRunner.runTest(SuiteRunner.java:377)
at org.testng.SuiteRunner.runSequentially(SuiteRunner.java:371)
at org.testng.SuiteRunner.privateRun(SuiteRunner.java:332)
at org.testng.SuiteRunner.run(SuiteRunner.java:276)
at org.testng.SuiteRunnerWorker.runSuite(SuiteRunnerWorker.java:53)
at org.testng.SuiteRunnerWorker.run(SuiteRunnerWorker.java:96)
at org.testng.TestNG.runSuitesSequentially(TestNG.java:1212)
at org.testng.TestNG.runSuitesLocally(TestNG.java:1134)
at org.testng.TestNG.runSuites(TestNG.java:1063)
at org.testng.TestNG.run(TestNG.java:1031)
at org.testng.remote.AbstractRemoteTestNG.run(AbstractRemoteTestNG.java:115)
at org.testng.remote.RemoteTestNG.initAndRun(RemoteTestNG.java:251)
at org.testng.remote.RemoteTestNG.main(RemoteTestNG.java:77)
]]>
            </full-stacktrace>
          </exception> <!-- org.testng.internal.thread.ThreadTimeoutException -->
          <reporter-output>
          </reporter-output>
        </test-method> <!-- tc3 -->
        <test-method signature="tc3()[pri:-5, instance:testngstudy.testngkeyword@6e0dec4a]" started-at="2022-06-02T14:43:21 IST" name="tc3" finished-at="2022-06-02T14:43:22 IST" duration-ms="1006" status="FAIL">
          <exception class="org.testng.internal.thread.ThreadTimeoutException">
            <message>
              <![CDATA[Method testngstudy.testngkeyword.tc3() didn't finish within the time-out 1000]]>
            </message>
            <full-stacktrace>
              <![CDATA[org.testng.internal.thread.ThreadTimeoutException: Method testngstudy.testngkeyword.tc3() didn't finish within the time-out 1000
at org.testng.internal.MethodInvocationHelper.invokeWithTimeoutWithNewExecutor(MethodInvocationHelper.java:384)
at org.testng.internal.MethodInvocationHelper.invokeWithTimeout(MethodInvocationHelper.java:283)
at org.testng.internal.TestInvoker.invokeMethod(TestInvoker.java:604)
at org.testng.internal.TestInvoker.invokeTestMethod(TestInvoker.java:173)
at org.testng.internal.MethodRunner.runInSequence(MethodRunner.java:46)
at org.testng.internal.TestInvoker$MethodInvocationAgent.invoke(TestInvoker.java:824)
at org.testng.internal.TestInvoker.invokeTestMethods(TestInvoker.java:146)
at org.testng.internal.TestMethodWorker.invokeTestMethods(TestMethodWorker.java:146)
at org.testng.internal.TestMethodWorker.run(TestMethodWorker.java:128)
at java.base/java.util.ArrayList.forEach(ArrayList.java:1511)
at org.testng.TestRunner.privateRun(TestRunner.java:794)
at org.testng.TestRunner.run(TestRunner.java:596)
at org.testng.SuiteRunner.runTest(SuiteRunner.java:377)
at org.testng.SuiteRunner.runSequentially(SuiteRunner.java:371)
at org.testng.SuiteRunner.privateRun(SuiteRunner.java:332)
at org.testng.SuiteRunner.run(SuiteRunner.java:276)
at org.testng.SuiteRunnerWorker.runSuite(SuiteRunnerWorker.java:53)
at org.testng.SuiteRunnerWorker.run(SuiteRunnerWorker.java:96)
at org.testng.TestNG.runSuitesSequentially(TestNG.java:1212)
at org.testng.TestNG.runSuitesLocally(TestNG.java:1134)
at org.testng.TestNG.runSuites(TestNG.java:1063)
at org.testng.TestNG.run(TestNG.java:1031)
at org.testng.remote.AbstractRemoteTestNG.run(AbstractRemoteTestNG.java:115)
at org.testng.remote.RemoteTestNG.initAndRun(RemoteTestNG.java:251)
at org.testng.remote.RemoteTestNG.main(RemoteTestNG.java:77)
]]>
            </full-stacktrace>
          </exception> <!-- org.testng.internal.thread.ThreadTimeoutException -->
          <reporter-output>
          </reporter-output>
        </test-method> <!-- tc3 -->
        <test-method signature="tc2()[pri:-2, instance:testngstudy.testngkeyword@6e0dec4a]" started-at="2022-06-02T14:43:22 IST" name="tc2" finished-at="2022-06-02T14:43:22 IST" duration-ms="3" status="PASS">
          <reporter-output>
            <line>
              <![CDATA[tc2 is running]]>
            </line>
          </reporter-output>
        </test-method> <!-- tc2 -->
        <test-method signature="tc1()[pri:0, instance:testngstudy.testngkeyword@6e0dec4a]" started-at="2022-06-02T14:43:22 IST" name="tc1" finished-at="2022-06-02T14:43:22 IST" duration-ms="3" status="PASS">
          <reporter-output>
            <line>
              <![CDATA[tc1 is running]]>
            </line>
          </reporter-output>
        </test-method> <!-- tc1 -->
        <test-method signature="tc1()[pri:0, instance:testngstudy.testngkeyword@6e0dec4a]" started-at="2022-06-02T14:43:22 IST" name="tc1" finished-at="2022-06-02T14:43:22 IST" duration-ms="3" status="PASS">
          <reporter-output>
            <line>
              <![CDATA[tc1 is running]]>
            </line>
          </reporter-output>
        </test-method> <!-- tc1 -->
        <test-method signature="tc1()[pri:0, instance:testngstudy.testngkeyword@6e0dec4a]" started-at="2022-06-02T14:43:22 IST" name="tc1" finished-at="2022-06-02T14:43:22 IST" duration-ms="2" status="PASS">
          <reporter-output>
            <line>
              <![CDATA[tc1 is running]]>
            </line>
          </reporter-output>
        </test-method> <!-- tc1 -->
        <test-method signature="tc1()[pri:0, instance:testngstudy.testngkeyword@6e0dec4a]" started-at="2022-06-02T14:43:22 IST" name="tc1" finished-at="2022-06-02T14:43:22 IST" duration-ms="3" status="PASS">
          <reporter-output>
            <line>
              <![CDATA[tc1 is running]]>
            </line>
          </reporter-output>
        </test-method> <!-- tc1 -->
        <test-method signature="tc1()[pri:0, instance:testngstudy.testngkeyword@6e0dec4a]" started-at="2022-06-02T14:43:22 IST" name="tc1" finished-at="2022-06-02T14:43:22 IST" duration-ms="3" status="PASS">
          <reporter-output>
            <line>
              <![CDATA[tc1 is running]]>
            </line>
          </reporter-output>
        </test-method> <!-- tc1 -->
        <test-method signature="tc5()[pri:-5, instance:testngstudy.testngkeyword@6e0dec4a]" started-at="2022-06-02T14:43:22 IST" name="tc5" finished-at="2022-06-02T14:43:22 IST" depends-on-methods="testngstudy.testngkeyword.tc1" duration-ms="3" status="PASS">
          <reporter-output>
            <line>
              <![CDATA[tc5 is running]]>
            </line>
          </reporter-output>
        </test-method> <!-- tc5 -->
      </class> <!-- testngstudy.testngkeyword -->
      <class name="testngstudy.testngkeyword2">
        <test-method signature="a()[pri:-5, instance:testngstudy.testngkeyword2@647fd8ce]" started-at="2022-06-02T14:43:20 IST" name="a" finished-at="2022-06-02T14:43:20 IST" duration-ms="12" status="PASS">
          <reporter-output>
            <line>
              <![CDATA[m1 method call]]>
            </line>
          </reporter-output>
        </test-method> <!-- a -->
        <test-method signature="c()[pri:0, instance:testngstudy.testngkeyword2@647fd8ce]" started-at="2022-06-02T14:43:20 IST" name="c" finished-at="2022-06-02T14:43:20 IST" duration-ms="1" status="PASS">
          <reporter-output>
            <line>
              <![CDATA[m3 method call]]>
            </line>
          </reporter-output>
        </test-method> <!-- c -->
        <test-method signature="b()[pri:0, instance:testngstudy.testngkeyword2@647fd8ce]" started-at="2022-06-02T14:43:20 IST" name="b" finished-at="2022-06-02T14:43:20 IST" depends-on-methods="testngstudy.testngkeyword2.c" duration-ms="2" status="PASS">
          <reporter-output>
            <line>
              <![CDATA[m2 method call]]>
            </line>
          </reporter-output>
        </test-method> <!-- b -->
      </class> <!-- testngstudy.testngkeyword2 -->
    </test> <!-- Test -->
  </suite> <!-- Suite -->
</testng-results>
